<?xml version="1.0" encoding="UTF-8"?>
<!-- Generated by org.testng.reporters.JUnitXMLReporter -->
<testsuite hostname="DESKTOP-0JHIS2I" failures="1" tests="1" name="Test13" time="67.887" errors="0" timestamp="30 Mar 2022 10:12:14 GMT">
  <testcase classname="com.test.testscripts.VerifyZipCodeTestScript" name="verifyZipCode" time="11.577">
    <failure type="org.openqa.selenium.ElementClickInterceptedException" message="element click intercepted: Element &amp;lt;span class=&amp;quot;menu-link&amp;quot; title=&amp;quot;Ceiling&amp;quot;&amp;gt;...&amp;lt;/span&amp;gt; is not clickable at point (139, 175). Other element would receive the click: &amp;lt;div id=&amp;quot;ltkpopup-overlay&amp;quot; aria-hidden=&amp;quot;true&amp;quot; class=&amp;quot;simpleltkmodal-overlay&amp;quot; style=&amp;quot;background-color: rgb(0, 0, 0); opacity: 0.5; height: 8680px; width: 1358px; position: fixed; left: 0px; top: 0px; z-index: 1001;&amp;quot;&amp;gt;&amp;lt;/div&amp;gt;
  (Session info: chrome=99.0.4844.84)
Build info: version: &amp;apos;3.141.59&amp;apos;, revision: &amp;apos;e82be7d358&amp;apos;, time: &amp;apos;2018-11-14T08:17:03&amp;apos;
System info: host: &amp;apos;DESKTOP-0JHIS2I&amp;apos;, ip: &amp;apos;192.168.1.14&amp;apos;, os.name: &amp;apos;Windows 10&amp;apos;, os.arch: &amp;apos;amd64&amp;apos;, os.version: &amp;apos;10.0&amp;apos;, java.version: &amp;apos;17.0.2&amp;apos;
Driver info: org.openqa.selenium.chrome.ChromeDriver
Capabilities {acceptInsecureCerts: false, browserName: chrome, browserVersion: 99.0.4844.84, chrome: {chromedriverVersion: 99.0.4844.51 (d537ec02474b5..., userDataDir: C:\Users\user\AppData\Local...}, goog:chromeOptions: {debuggerAddress: localhost:52191}, javascriptEnabled: true, networkConnectionEnabled: false, pageLoadStrategy: normal, platform: WINDOWS, platformName: WINDOWS, proxy: Proxy(), setWindowRect: true, strictFileInteractability: false, timeouts: {implicit: 0, pageLoad: 300000, script: 30000}, unhandledPromptBehavior: dismiss and notify, webauthn:extension:credBlob: true, webauthn:extension:largeBlob: true, webauthn:virtualAuthenticators: true}
Session ID: 1360c1492b583f88df9617cec6781e75">
      <![CDATA[org.openqa.selenium.ElementClickInterceptedException: element click intercepted: Element <span class="menu-link" title="Ceiling">...</span> is not clickable at point (139, 175). Other element would receive the click: <div id="ltkpopup-overlay" aria-hidden="true" class="simpleltkmodal-overlay" style="background-color: rgb(0, 0, 0); opacity: 0.5; height: 8680px; width: 1358px; position: fixed; left: 0px; top: 0px; z-index: 1001;"></div>
  (Session info: chrome=99.0.4844.84)
Build info: version: '3.141.59', revision: 'e82be7d358', time: '2018-11-14T08:17:03'
System info: host: 'DESKTOP-0JHIS2I', ip: '192.168.1.14', os.name: 'Windows 10', os.arch: 'amd64', os.version: '10.0', java.version: '17.0.2'
Driver info: org.openqa.selenium.chrome.ChromeDriver
Capabilities {acceptInsecureCerts: false, browserName: chrome, browserVersion: 99.0.4844.84, chrome: {chromedriverVersion: 99.0.4844.51 (d537ec02474b5..., userDataDir: C:\Users\user\AppData\Local...}, goog:chromeOptions: {debuggerAddress: localhost:52191}, javascriptEnabled: true, networkConnectionEnabled: false, pageLoadStrategy: normal, platform: WINDOWS, platformName: WINDOWS, proxy: Proxy(), setWindowRect: true, strictFileInteractability: false, timeouts: {implicit: 0, pageLoad: 300000, script: 30000}, unhandledPromptBehavior: dismiss and notify, webauthn:extension:credBlob: true, webauthn:extension:largeBlob: true, webauthn:virtualAuthenticators: true}
Session ID: 1360c1492b583f88df9617cec6781e75
	at org.openqa.selenium.remote.http.W3CHttpResponseCodec.createException(W3CHttpResponseCodec.java:187)
	at org.openqa.selenium.remote.http.W3CHttpResponseCodec.decode(W3CHttpResponseCodec.java:122)
	at org.openqa.selenium.remote.http.W3CHttpResponseCodec.decode(W3CHttpResponseCodec.java:49)
	at org.openqa.selenium.remote.HttpCommandExecutor.execute(HttpCommandExecutor.java:158)
	at org.openqa.selenium.remote.service.DriverCommandExecutor.execute(DriverCommandExecutor.java:83)
	at org.openqa.selenium.remote.RemoteWebDriver.execute(RemoteWebDriver.java:552)
	at org.openqa.selenium.remote.RemoteWebElement.execute(RemoteWebElement.java:285)
	at org.openqa.selenium.remote.RemoteWebElement.click(RemoteWebElement.java:84)
	at org.openqa.selenium.support.pagefactory.internal.LocatingElementHandler.invoke(LocatingElementHandler.java:51)
	at jdk.proxy2/jdk.proxy2.$Proxy13.click(Unknown Source)
	at com.test.pages.CelingLightTab.selectProduct(CelingLightTab.java:55)
	at com.test.pages.CelingLightTab.applyFiter(CelingLightTab.java:68)
	at com.test.pages.CelingLightTab.addselectedproductToCart(CelingLightTab.java:77)
	at com.test.pages.CelingLightTab.viewCart(CelingLightTab.java:85)
	at com.test.pages.CoupinCode.invalidZipcode(CoupinCode.java:49)
	at com.test.testscripts.VerifyZipCodeTestScript.verifyZipCode(VerifyZipCodeTestScript.java:45)
... Removed 32 stack frames]]>
    </failure>
  </testcase> <!-- verifyZipCode -->
</testsuite> <!-- Test13 -->
